Arguments: 
  C:\Program Files\nodejs\node.exe C:\Users\Egor\AppData\Roaming\npm\node_modules\yarn\bin\yarn.js add react-router-dom

PATH: 
  C:\Program Files (x86)\Common Files\Oracle\Java\javapath;C:\Windows\system32;C:\Windows;C:\Windows\System32\Wbem;C:\Windows\System32\WindowsPowerShell\v1.0\;C:\Windows\System32\OpenSSH\;C:\Program Files\NVIDIA Corporation\NVIDIA NvDLISR;C:\Program Files (x86)\NVIDIA Corporation\PhysX\Common;C:\Users\Egor\AppData\Local\Microsoft\WindowsApps;C:\adb;H:\Git\cmd;C:\Program Files\Docker\Docker\resources\bin;C:\Users\Egor\AppData\Roaming\nvm;C:\Program Files\nodejs;C:\Program Files\nodejs\;C:\Users\Egor\AppData\Local\Microsoft\WindowsApps;C:\Users\Egor\AppData\Local\Programs\Microsoft VS Code\bin;C:\Users\Egor\AppData\Roaming\nvm;C:\Program Files\nodejs;C:\Users\Egor\AppData\Roaming\npm

Yarn version: 
  1.22.19

Node version: 
  20.9.0

Platform: 
  win32 x64

Trace: 
  Error: EPERM: operation not permitted, unlink 'D:\web\webproga\skypro\тестовые задания\post-react\node_modules\@esbuild\win32-x64\esbuild.exe'

npm manifest: 
  {
    "name": "post-react",
    "private": true,
    "version": "0.0.0",
    "type": "module",
    "scripts": {
      "dev": "vite",
      "build": "vite build",
      "lint": "eslint . --ext js,jsx --report-unused-disable-directives --max-warnings 0",
      "preview": "vite preview"
    },
    "dependencies": {
      "@reduxjs/toolkit": "^2.0.1",
      "react": "^18.2.0",
      "react-dom": "^18.2.0",
      "react-redux": "^9.0.4",
      "react-router": "^6.21.1"
    },
    "devDependencies": {
      "@types/react": "^18.2.43",
      "@types/react-dom": "^18.2.17",
      "@vitejs/plugin-react": "^4.2.1",
      "eslint": "^8.55.0",
      "eslint-plugin-react": "^7.33.2",
      "eslint-plugin-react-hooks": "^4.6.0",
      "eslint-plugin-react-refresh": "^0.4.5",
      "vite": "^5.0.8"
    }
  }

yarn manifest: 
  No manifest

Lockfile: 
  No lockfile
